<?xml version="1.0" encoding="UTF-8"?>
<!-- Generated by org.testng.reporters.JUnitReportReporter -->
<testsuite hostname="Kiran" failures="0" tests="1" name="com.tka.testCases.LoginTestCases" time="6.180" errors="0" timestamp="2024-12-17T22:08:49 IST" skipped="0">
  <testcase classname="com.tka.testCases.LoginTestCases" name="checkSubheadingText" time="6.180"/>
  <system-out/>
</testsuite> <!-- com.tka.testCases.LoginTestCases -->
